<?xml version="1.0" encoding="UTF-8"?>
<!-- Generated by org.testng.reporters.JUnitXMLReporter -->
<testsuite ignored="0" hostname="MRIDULA-KEG9N97" failures="1" tests="1" name="Test" time="21.214" errors="0" timestamp="2024-05-09T16:57:52 IST">
  <testcase classname="listeners.TestScript1" name="login" time="2.099">
    <failure type="java.lang.AssertionError" message="Home Page not displayed expected [Demo Web Shop] but found [Demo Web Shop. Login]">
      <![CDATA[java.lang.AssertionError: Home Page not displayed expected [Demo Web Shop] but found [Demo Web Shop. Login]
at listeners.TestScript1.login(TestScript1.java:20)
at java.base/java.util.ArrayList.forEach(ArrayList.java:1596)
... Removed 30 stack frames]]>
    </failure>
  </testcase> <!-- login -->
</testsuite> <!-- Test -->
